TN:
SF:/Users/sam/Code/nim-coverage/example.nim
FN:2,fibonacci_PGYVfGCzzggEnW4QGNeHEQ
FN:8,sum_dtTyRsLG8e42kwwCmAlguA
FN:11,one_plus_one_fishwSBSSsph9bN3Ck4mfhw
FN:14,coverage_showcase_XANSsSCLIbSnA5gJzVkfDw
FN:32,example_exampleInit000
FN:33,one_equals_true_JiKrYUR9c1rCcfaQzmN5MuA
FN:38,example_exampleDatInit000
FNDA:1,one_equals_true_JiKrYUR9c1rCcfaQzmN5MuA
FNDA:178,fibonacci_PGYVfGCzzggEnW4QGNeHEQ
FNDA:1,sum_dtTyRsLG8e42kwwCmAlguA
FNDA:1,one_plus_one_fishwSBSSsph9bN3Ck4mfhw
FNDA:2,example_exampleDatInit000
FNDA:2,coverage_showcase_XANSsSCLIbSnA5gJzVkfDw
FNDA:2,example_exampleInit000
FNF:7
FNH:7
DA:3,266
DA:4,90
DA:5,90
DA:6,88
DA:8,178
DA:9,1
DA:12,2
DA:15,3
DA:16,1
DA:17,1
DA:18,1
DA:19,0
DA:21,1
DA:22,1
DA:23,4
DA:24,0
DA:26,4
DA:27,0
DA:28,0
DA:29,2
DA:31,2
DA:34,3
DA:35,1
DA:36,2
DA:38,0
DA:39,2
DA:40,1
DA:43,2
DA:45,1
DA:48,2
LF:30
LH:25
end_of_record
