TN:
SF:/Users/sam/Code/nim-coverage/example.nim
FN:2,fibonacci_PGYVfGCzzggEnW4QGNeHEQ
FN:8,sum_dtTyRsLG8e42kwwCmAlguA
FN:11,one_plus_one_fishwSBSSsph9bN3Ck4mfhw
FN:14,coverage_showcase_XANSsSCLIbSnA5gJzVkfDw
FN:32,example_exampleInit000
FN:38,example_exampleDatInit000
FNDA:1,example_exampleDatInit000
FNDA:1,sum_dtTyRsLG8e42kwwCmAlguA
FNDA:2,coverage_showcase_XANSsSCLIbSnA5gJzVkfDw
FNDA:1,example_exampleInit000
FNDA:178,fibonacci_PGYVfGCzzggEnW4QGNeHEQ
FNDA:1,one_plus_one_fishwSBSSsph9bN3Ck4mfhw
FNF:6
FNH:6
DA:3,266
DA:4,90
DA:5,90
DA:6,88
DA:8,178
DA:9,1
DA:12,2
DA:15,3
DA:16,1
DA:17,1
DA:18,1
DA:19,0
DA:21,1
DA:22,1
DA:23,4
DA:24,0
DA:26,4
DA:27,0
DA:28,0
DA:29,2
DA:31,2
DA:34,2
DA:36,1
DA:39,2
LF:24
LH:20
end_of_record
